<?xml version="1.0" encoding="UTF-8"?>
<!-- Generated by org.testng.reporters.JUnitReportReporter -->
<testsuite hostname="DESKTOP-K4E0E9M" failures="0" tests="3" name="TestNG.Test2" time="0.012" errors="0" timestamp="2023-05-15T20:56:43 WAT" skipped="0">
  <testcase classname="TestNG.Test2" name="Demo" time="0.006"/>
  <system-out/>
  <testcase classname="TestNG.Test2" name="Demo" time="0.004"/>
  <system-out/>
  <testcase classname="TestNG.Test2" name="SecondTest" time="0.002"/>
  <system-out/>
</testsuite> <!-- TestNG.Test2 -->
