<?xml version="1.0" encoding="UTF-8"?>
<!-- Generated by org.testng.reporters.JUnitReportReporter -->
<testsuite hostname="DESKTOP-K4E0E9M" failures="0" tests="2" name="TestNG.FirstTestNGtest" time="0.018" errors="0" timestamp="2023-05-15T17:16:16 WAT" skipped="0">
  <testcase classname="TestNG.FirstTestNGtest" name="Demo" time="0.016"/>
  <system-out/>
  <testcase classname="TestNG.FirstTestNGtest" name="SecondTest" time="0.002"/>
  <system-out/>
</testsuite> <!-- TestNG.FirstTestNGtest -->
