<?xml version="1.0" encoding="UTF-8"?>
<!-- Generated by org.testng.reporters.JUnitReportReporter -->
<testsuite hostname="DESKTOP-K4E0E9M" failures="0" tests="1" name="TestNG.Test1" time="0.004" errors="0" timestamp="2023-05-15T20:56:43 WAT" skipped="0">
  <testcase classname="TestNG.Test1" name="Demo" time="0.004"/>
  <system-out/>
</testsuite> <!-- TestNG.Test1 -->
